<?xml version="1.0" encoding="UTF-8"?>
<!-- Generated by org.testng.reporters.JUnitXMLReporter -->
<testsuite ignored="0" hostname="DESKTOP-H6GB2IS" failures="0" tests="3" name="Default test" time="8.837" errors="0" timestamp="2025-11-07T15:50:17 CET">
  <testcase classname="test.LoginTest" name="VerifyLogin" time="0.719"/>
  <testcase classname="test.LoginTest" name="VerifyAddToCart" time="0.25"/>
  <testcase classname="test.LoginTest" name="VerifyItemAddedToCart" time="0.032"/>
</testsuite> <!-- Default test -->
