<?xml version="1.0" encoding="UTF-8"?>
<testng-results ignored="0" total="3" passed="3" failed="0" skipped="0">
  <reporter-output>
  </reporter-output>
  <suite started-at="2025-11-07T15:50:08 CET" name="Default suite" finished-at="2025-11-07T15:50:17 CET" duration-ms="8837">
    <groups>
    </groups>
    <test started-at="2025-11-07T15:50:08 CET" name="Default test" finished-at="2025-11-07T15:50:17 CET" duration-ms="8837">
      <class name="test.LoginTest">
        <test-method is-config="true" signature="startReport()[pri:0, instance:test.LoginTest@1c1bbc4e]" started-at="2025-11-07T15:50:08 CET" name="startReport" finished-at="2025-11-07T15:50:08 CET" duration-ms="325" status="PASS">
          <reporter-output>
          </reporter-output>
        </test-method> <!-- startReport -->
        <test-method is-config="true" signature="Setup()[pri:0, instance:test.LoginTest@1c1bbc4e]" started-at="2025-11-07T15:50:08 CET" name="Setup" finished-at="2025-11-07T15:50:16 CET" duration-ms="7605" status="PASS">
          <reporter-output>
          </reporter-output>
        </test-method> <!-- Setup -->
        <test-method is-config="true" signature="createTest(java.lang.reflect.Method)[pri:0, instance:test.LoginTest@1c1bbc4e]" started-at="2025-11-07T15:50:16 CET" name="createTest" finished-at="2025-11-07T15:50:16 CET" duration-ms="53" status="PASS">
          <params>
            <param index="0">
              <value>
                <![CDATA[public void test.LoginTest.VerifyLogin()]]>
              </value>
            </param>
          </params>
          <reporter-output>
          </reporter-output>
        </test-method> <!-- createTest -->
        <test-method signature="VerifyLogin()[pri:1, instance:test.LoginTest@1c1bbc4e]" started-at="2025-11-07T15:50:16 CET" name="VerifyLogin" finished-at="2025-11-07T15:50:17 CET" duration-ms="719" status="PASS">
          <reporter-output>
          </reporter-output>
        </test-method> <!-- VerifyLogin -->
        <test-method is-config="true" signature="tearDown(org.testng.ITestResult)[pri:0, instance:test.LoginTest@1c1bbc4e]" started-at="2025-11-07T15:50:17 CET" name="tearDown" finished-at="2025-11-07T15:50:17 CET" duration-ms="15" status="PASS">
          <params>
            <param index="0">
              <value>
                <![CDATA[[TestResult name=VerifyLogin status=SUCCESS method=LoginTest.VerifyLogin()[pri:1, instance:test.LoginTest@1c1bbc4e] output={null}]]]>
              </value>
            </param>
          </params>
          <reporter-output>
          </reporter-output>
        </test-method> <!-- tearDown -->
        <test-method is-config="true" signature="createTest(java.lang.reflect.Method)[pri:0, instance:test.LoginTest@1c1bbc4e]" started-at="2025-11-07T15:50:17 CET" name="createTest" finished-at="2025-11-07T15:50:17 CET" duration-ms="3" status="PASS">
          <params>
            <param index="0">
              <value>
                <![CDATA[public void test.LoginTest.VerifyAddToCart()]]>
              </value>
            </param>
          </params>
          <reporter-output>
          </reporter-output>
        </test-method> <!-- createTest -->
        <test-method signature="VerifyAddToCart()[pri:2, instance:test.LoginTest@1c1bbc4e]" started-at="2025-11-07T15:50:17 CET" name="VerifyAddToCart" finished-at="2025-11-07T15:50:17 CET" duration-ms="250" status="PASS">
          <reporter-output>
          </reporter-output>
        </test-method> <!-- VerifyAddToCart -->
        <test-method is-config="true" signature="tearDown(org.testng.ITestResult)[pri:0, instance:test.LoginTest@1c1bbc4e]" started-at="2025-11-07T15:50:17 CET" name="tearDown" finished-at="2025-11-07T15:50:17 CET" duration-ms="3" status="PASS">
          <params>
            <param index="0">
              <value>
                <![CDATA[[TestResult name=VerifyAddToCart status=SUCCESS method=LoginTest.VerifyAddToCart()[pri:2, instance:test.LoginTest@1c1bbc4e] output={null}]]]>
              </value>
            </param>
          </params>
          <reporter-output>
          </reporter-output>
        </test-method> <!-- tearDown -->
        <test-method is-config="true" signature="createTest(java.lang.reflect.Method)[pri:0, instance:test.LoginTest@1c1bbc4e]" started-at="2025-11-07T15:50:17 CET" name="createTest" finished-at="2025-11-07T15:50:17 CET" duration-ms="1" status="PASS">
          <params>
            <param index="0">
              <value>
                <![CDATA[public void test.LoginTest.VerifyItemAddedToCart()]]>
              </value>
            </param>
          </params>
          <reporter-output>
          </reporter-output>
        </test-method> <!-- createTest -->
        <test-method signature="VerifyItemAddedToCart()[pri:3, instance:test.LoginTest@1c1bbc4e]" started-at="2025-11-07T15:50:17 CET" name="VerifyItemAddedToCart" finished-at="2025-11-07T15:50:17 CET" duration-ms="32" status="PASS">
          <reporter-output>
          </reporter-output>
        </test-method> <!-- VerifyItemAddedToCart -->
        <test-method is-config="true" signature="tearDown(org.testng.ITestResult)[pri:0, instance:test.LoginTest@1c1bbc4e]" started-at="2025-11-07T15:50:17 CET" name="tearDown" finished-at="2025-11-07T15:50:17 CET" duration-ms="1" status="PASS">
          <params>
            <param index="0">
              <value>
                <![CDATA[[TestResult name=VerifyItemAddedToCart status=SUCCESS method=LoginTest.VerifyItemAddedToCart()[pri:3, instance:test.LoginTest@1c1bbc4e] output={null}]]]>
              </value>
            </param>
          </params>
          <reporter-output>
          </reporter-output>
        </test-method> <!-- tearDown -->
        <test-method is-config="true" signature="endReport()[pri:0, instance:test.LoginTest@1c1bbc4e]" started-at="2025-11-07T15:50:17 CET" name="endReport" finished-at="2025-11-07T15:50:18 CET" duration-ms="934" status="PASS">
          <reporter-output>
          </reporter-output>
        </test-method> <!-- endReport -->
      </class> <!-- test.LoginTest -->
    </test> <!-- Default test -->
  </suite> <!-- Default suite -->
</testng-results>
