<?xml version="1.0" encoding="UTF-8"?>
<!-- Generated by org.testng.reporters.JUnitReportReporter -->
<testsuite hostname="DESKTOP-H6GB2IS" failures="0" tests="3" name="test.LoginTest" time="1.077" errors="0" timestamp="2025-11-07T15:50:18 CET" skipped="0">
  <testcase classname="test.LoginTest" name="VerifyLogin" time="0.723"/>
  <testcase classname="test.LoginTest" name="VerifyAddToCart" time="0.254"/>
  <testcase classname="test.LoginTest" name="VerifyItemAddedToCart" time="0.100"/>
</testsuite> <!-- test.LoginTest -->
